Here 04, 2023 8:30:22 G.M. de.gurkenlabs.litiengine.environment.tilemap.xml.TmxMap checkVersion
WARNING: Tiled version 1.10.2 of map "map" is greater than the supported version 1.2.x. Some features may not work.
Here 04, 2023 8:45:32 G.M. de.gurkenlabs.litiengine.environment.tilemap.xml.TmxMap checkVersion
WARNING: Tiled version 1.10.2 of map "map" is greater than the supported version 1.2.x. Some features may not work.
Here 04, 2023 8:47:19 G.M. de.gurkenlabs.litiengine.environment.tilemap.xml.TmxMap checkVersion
WARNING: Tiled version 1.10.2 of map "map" is greater than the supported version 1.2.x. Some features may not work.
Oct 04, 2023 8:49:45 PM de.gurkenlabs.litiengine.environment.tilemap.xml.TmxMap checkVersion
WARNING: Tiled version 1.10.2 of map "map" is greater than the supported version 1.2.x. Some features may not work.
Oct 04, 2023 8:51:18 PM de.gurkenlabs.litiengine.environment.tilemap.xml.TmxMap checkVersion
WARNING: Tiled version 1.10.2 of map "map" is greater than the supported version 1.2.x. Some features may not work.
Oct 04, 2023 8:51:53 PM de.gurkenlabs.litiengine.environment.tilemap.xml.TmxMap checkVersion
WARNING: Tiled version 1.10.2 of map "map" is greater than the supported version 1.2.x. Some features may not work.
Oct 04, 2023 8:53:08 PM de.gurkenlabs.litiengine.environment.tilemap.xml.TmxMap checkVersion
WARNING: Tiled version 1.10.2 of map "map" is greater than the supported version 1.2.x. Some features may not work.
Oct 04, 2023 10:44:08 PM de.gurkenlabs.litiengine.resources.Sounds load
SEVERE: The audio file file:/home/luciano/Documentos/game-proof-of-concept/game/audio/get_coin.wav could not be loaded.
Oct 04, 2023 10:44:12 PM de.gurkenlabs.litiengine.resources.Sounds load
SEVERE: The audio file file:/home/luciano/Documentos/game-proof-of-concept/game/audio/get_coin.wav could not be loaded.
Oct 04, 2023 10:44:14 PM de.gurkenlabs.litiengine.resources.Sounds load
SEVERE: The audio file file:/home/luciano/Documentos/game-proof-of-concept/game/audio/get_coin.wav could not be loaded.
Oct 04, 2023 10:44:14 PM de.gurkenlabs.litiengine.resources.Sounds load
SEVERE: The audio file file:/home/luciano/Documentos/game-proof-of-concept/game/audio/get_coin.wav could not be loaded.
Oct 04, 2023 10:44:16 PM de.gurkenlabs.litiengine.resources.Sounds load
SEVERE: The audio file file:/home/luciano/Documentos/game-proof-of-concept/game/audio/get_coin.wav could not be loaded.
Oct 04, 2023 10:44:16 PM de.gurkenlabs.litiengine.resources.Sounds load
SEVERE: The audio file file:/home/luciano/Documentos/game-proof-of-concept/game/audio/get_coin.wav could not be loaded.
Oct 04, 2023 10:44:18 PM de.gurkenlabs.litiengine.resources.Sounds load
SEVERE: The audio file file:/home/luciano/Documentos/game-proof-of-concept/game/audio/get_coin.wav could not be loaded.
Oct 04, 2023 10:44:20 PM de.gurkenlabs.litiengine.resources.Sounds load
SEVERE: The audio file file:/home/luciano/Documentos/game-proof-of-concept/game/audio/get_coin.wav could not be loaded.
Oct 04, 2023 10:45:54 PM de.gurkenlabs.litiengine.resources.Sounds load
SEVERE: The audio file file:/home/luciano/Documentos/game-proof-of-concept/game/audio/get_coin.wav could not be loaded.
Oct 04, 2023 10:45:57 PM de.gurkenlabs.litiengine.resources.Sounds load
SEVERE: The audio file file:/home/luciano/Documentos/game-proof-of-concept/game/audio/get_coin.wav could not be loaded.
Oct 04, 2023 10:46:03 PM de.gurkenlabs.litiengine.resources.Sounds load
SEVERE: The audio file file:/home/luciano/Documentos/game-proof-of-concept/game/audio/get_coin.wav could not be loaded.
Oct 04, 2023 10:48:25 PM de.gurkenlabs.litiengine.resources.Sounds load
SEVERE: The audio file file:/home/luciano/Documentos/game-proof-of-concept/game/audio/get_coin.wav could not be loaded.
Oct 04, 2023 10:48:28 PM de.gurkenlabs.litiengine.resources.Sounds load
SEVERE: The audio file file:/home/luciano/Documentos/game-proof-of-concept/game/audio/get_coin.wav could not be loaded.
Oct 04, 2023 10:48:30 PM de.gurkenlabs.litiengine.resources.Sounds load
SEVERE: The audio file file:/home/luciano/Documentos/game-proof-of-concept/game/audio/get_coin.wav could not be loaded.
Oct 04, 2023 10:48:32 PM de.gurkenlabs.litiengine.resources.Sounds load
SEVERE: The audio file file:/home/luciano/Documentos/game-proof-of-concept/game/audio/get_coin.wav could not be loaded.
Oct 04, 2023 10:48:34 PM de.gurkenlabs.litiengine.resources.Sounds load
SEVERE: The audio file file:/home/luciano/Documentos/game-proof-of-concept/game/audio/get_coin.wav could not be loaded.
Oct 04, 2023 10:48:37 PM de.gurkenlabs.litiengine.resources.Sounds load
SEVERE: The audio file file:/home/luciano/Documentos/game-proof-of-concept/game/audio/get_coin.wav could not be loaded.
Oct 04, 2023 10:48:39 PM de.gurkenlabs.litiengine.resources.Sounds load
SEVERE: The audio file file:/home/luciano/Documentos/game-proof-of-concept/game/audio/get_coin.wav could not be loaded.
Oct 04, 2023 10:48:41 PM de.gurkenlabs.litiengine.resources.Sounds load
SEVERE: The audio file file:/home/luciano/Documentos/game-proof-of-concept/game/audio/get_coin.wav could not be loaded.
Oct 04, 2023 10:48:43 PM de.gurkenlabs.litiengine.resources.Sounds load
SEVERE: The audio file file:/home/luciano/Documentos/game-proof-of-concept/game/audio/get_coin.wav could not be loaded.
Oct 04, 2023 10:49:15 PM de.gurkenlabs.litiengine.resources.Sounds load
SEVERE: The audio file file:/home/luciano/Documentos/game-proof-of-concept/game/audio/get_coin.wav could not be loaded.
Oct 04, 2023 10:50:30 PM de.gurkenlabs.litiengine.resources.Sounds load
SEVERE: The audio file file:/home/luciano/Documentos/game-proof-of-concept/game/audio/get_coin.wav could not be loaded.
Oct 04, 2023 10:50:34 PM de.gurkenlabs.litiengine.resources.Sounds load
SEVERE: The audio file file:/home/luciano/Documentos/game-proof-of-concept/game/audio/get_coin.wav could not be loaded.
Oct 04, 2023 10:50:37 PM de.gurkenlabs.litiengine.resources.Sounds load
SEVERE: The audio file file:/home/luciano/Documentos/game-proof-of-concept/game/audio/get_coin.wav could not be loaded.
Oct 04, 2023 10:50:40 PM de.gurkenlabs.litiengine.resources.Sounds load
SEVERE: The audio file file:/home/luciano/Documentos/game-proof-of-concept/game/audio/get_coin.wav could not be loaded.
Oct 04, 2023 10:50:42 PM de.gurkenlabs.litiengine.resources.Sounds load
SEVERE: The audio file file:/home/luciano/Documentos/game-proof-of-concept/game/audio/get_coin.wav could not be loaded.
Oct 04, 2023 10:50:44 PM de.gurkenlabs.litiengine.resources.Sounds load
SEVERE: The audio file file:/home/luciano/Documentos/game-proof-of-concept/game/audio/get_coin.wav could not be loaded.
Oct 04, 2023 10:50:45 PM de.gurkenlabs.litiengine.resources.Sounds load
SEVERE: The audio file file:/home/luciano/Documentos/game-proof-of-concept/game/audio/get_coin.wav could not be loaded.
Oct 04, 2023 10:50:47 PM de.gurkenlabs.litiengine.resources.Sounds load
SEVERE: The audio file file:/home/luciano/Documentos/game-proof-of-concept/game/audio/get_coin.wav could not be loaded.
Oct 04, 2023 10:50:48 PM de.gurkenlabs.litiengine.resources.Sounds load
SEVERE: The audio file file:/home/luciano/Documentos/game-proof-of-concept/game/audio/get_coin.wav could not be loaded.
Oct 04, 2023 10:51:19 PM de.gurkenlabs.litiengine.resources.Sounds load
SEVERE: The audio file file:/home/luciano/Documentos/game-proof-of-concept/game/audio/get_coin.wav could not be loaded.
Oct 04, 2023 10:51:24 PM de.gurkenlabs.litiengine.resources.Sounds load
SEVERE: The audio file file:/home/luciano/Documentos/game-proof-of-concept/game/audio/get_coin.wav could not be loaded.
Oct 04, 2023 10:51:52 PM de.gurkenlabs.litiengine.resources.Sounds load
SEVERE: The audio file file:/home/luciano/Documentos/game-proof-of-concept/game/audio/get_coin.wav could not be loaded.
Oct 04, 2023 10:51:54 PM de.gurkenlabs.litiengine.resources.Sounds load
SEVERE: The audio file file:/home/luciano/Documentos/game-proof-of-concept/game/audio/get_coin.wav could not be loaded.
Oct 04, 2023 10:52:01 PM de.gurkenlabs.litiengine.resources.Sounds load
SEVERE: The audio file file:/home/luciano/Documentos/game-proof-of-concept/game/audio/get_coin.wav could not be loaded.
Oct 04, 2023 10:52:04 PM de.gurkenlabs.litiengine.resources.Sounds load
SEVERE: The audio file file:/home/luciano/Documentos/game-proof-of-concept/game/audio/get_coin.wav could not be loaded.
Oct 04, 2023 10:52:05 PM de.gurkenlabs.litiengine.resources.Sounds load
SEVERE: The audio file file:/home/luciano/Documentos/game-proof-of-concept/game/audio/get_coin.wav could not be loaded.
Oct 04, 2023 10:52:08 PM de.gurkenlabs.litiengine.resources.Sounds load
SEVERE: The audio file file:/home/luciano/Documentos/game-proof-of-concept/game/audio/get_coin.wav could not be loaded.
Oct 04, 2023 10:52:09 PM de.gurkenlabs.litiengine.resources.Sounds load
SEVERE: The audio file file:/home/luciano/Documentos/game-proof-of-concept/game/audio/get_coin.wav could not be loaded.
Oct 04, 2023 10:52:11 PM de.gurkenlabs.litiengine.resources.Sounds load
SEVERE: The audio file file:/home/luciano/Documentos/game-proof-of-concept/game/audio/get_coin.wav could not be loaded.
Oct 04, 2023 10:52:12 PM de.gurkenlabs.litiengine.resources.Sounds load
SEVERE: The audio file file:/home/luciano/Documentos/game-proof-of-concept/game/audio/get_coin.wav could not be loaded.
Oct 04, 2023 11:00:40 PM de.gurkenlabs.litiengine.resources.Sounds load
SEVERE: The audio file file:/home/luciano/Documentos/game-proof-of-concept/game/audio/get_coin.ogg could not be loaded.
Oct 05, 2023 10:24:23 AM de.gurkenlabs.litiengine.DefaultUncaughtExceptionHandler uncaughtException
SEVERE: Game crashed! :(
java.lang.RuntimeException: Camada de colisão não encontrada no mapa.
	at com.poc.game.gui.screens.IngameScreen.<init>(IngameScreen.java:30)
	at com.poc.game.gui.controllers.GameController.addScreens(GameController.java:46)
	at com.poc.game.gui.controllers.GameController.bootstrap(GameController.java:22)
	at com.poc.game.GameApplication.main(GameApplication.java:7)

Oct 05, 2023 12:12:34 PM de.gurkenlabs.litiengine.resources.Fonts load
SEVERE: font file:/home/luciano/Documentos/game-proof-of-concept/game/your-font-name could not be loaded
